{
"contracts\\AdvancedDonationLog.sol":{"l":{"22":0,"26":0,"27":0,"31":0,"32":0,"33":0,"35":0,"42":0,"43":0,"45":0,"49":0,"53":0,"57":0},"path":"C:\\Users\\grank\\my-smart-contracts\\Remix-Practice\\contracts\\AdvancedDonationLog.sol","s":{"1":0,"2":0,"3":0,"4":0,"5":0,"6":0,"7":0,"8":0,"9":0},"b":{"1":[0,0],"2":[0,0],"3":[0,0]},"f":{"1":0,"2":0,"3":0,"4":0,"5":0,"6":0},"fnMap":{"1":{"name":"constructor","line":21,"loc":{"start":{"line":21,"column":4},"end":{"line":23,"column":4}}},"2":{"name":"onlyOwner","line":25,"loc":{"start":{"line":25,"column":4},"end":{"line":28,"column":4}}},"3":{"name":"donate","line":30,"loc":{"start":{"line":30,"column":4},"end":{"line":46,"column":4}}},"4":{"name":"getMyDonation","line":48,"loc":{"start":{"line":48,"column":4},"end":{"line":50,"column":4}}},"5":{"name":"getAllDonation","line":52,"loc":{"start":{"line":52,"column":4},"end":{"line":54,"column":4}}},"6":{"name":"withdrawAll","line":56,"loc":{"start":{"line":56,"column":4},"end":{"line":58,"column":4}}}},"statementMap":{"1":{"start":{"line":26,"column":8},"end":{"line":26,"column":58}},"2":{"start":{"line":31,"column":8},"end":{"line":31,"column":56}},"3":{"start":{"line":35,"column":8},"end":{"line":35,"column":963}},"4":{"start":{"line":42,"column":8},"end":{"line":42,"column":34}},"5":{"start":{"line":43,"column":8},"end":{"line":43,"column":32}},"6":{"start":{"line":45,"column":8},"end":{"line":45,"column":74}},"7":{"start":{"line":49,"column":8},"end":{"line":49,"column":36}},"8":{"start":{"line":53,"column":8},"end":{"line":53,"column":24}},"9":{"start":{"line":57,"column":8},"end":{"line":57,"column":39}}},"branchMap":{"1":{"line":26,"type":"if","locations":[{"start":{"line":26,"column":8},"end":{"line":26,"column":8}},{"start":{"line":26,"column":8},"end":{"line":26,"column":8}}]},"2":{"line":31,"type":"if","locations":[{"start":{"line":31,"column":8},"end":{"line":31,"column":8}},{"start":{"line":31,"column":8},"end":{"line":31,"column":8}}]},"3":{"line":56,"type":"if","locations":[{"start":{"line":56,"column":46},"end":{"line":56,"column":46}},{"start":{"line":56,"column":46},"end":{"line":56,"column":46}}]}}},
"contracts\\AMM.sol":{"l":{"19":1,"20":1,"23":0,"24":0,"28":0,"29":0,"30":0,"31":0,"33":0,"34":0,"36":0,"39":0,"40":0,"41":0,"42":0,"45":0,"46":0,"47":0,"48":0,"51":0,"52":0,"53":0,"55":0,"56":0,"57":0,"60":0,"61":0,"63":0,"64":0,"65":0,"67":0,"68":0,"70":0,"71":0},"path":"C:\\Users\\grank\\my-smart-contracts\\Remix-Practice\\contracts\\AMM.sol","s":{"1":0,"2":0,"3":0,"4":0,"5":0,"6":0,"7":0,"8":0,"9":0,"10":0,"11":0,"12":0,"13":0,"14":0,"15":0,"16":0,"17":0,"18":0,"19":0,"20":0,"21":0,"22":0,"23":0,"24":0,"25":0,"26":0,"27":0},"b":{"1":[0,0],"2":[0,0],"3":[0,0],"4":[0,0],"5":[0,0],"6":[0,0],"7":[0,0],"8":[0,0],"9":[0,0],"10":[0,0],"11":[0,0]},"f":{"1":1,"2":0,"3":0,"4":0,"5":0},"fnMap":{"1":{"name":"constructor","line":18,"loc":{"start":{"line":18,"column":4},"end":{"line":21,"column":4}}},"2":{"name":"_update","line":22,"loc":{"start":{"line":22,"column":4},"end":{"line":25,"column":4}}},"3":{"name":"addLiquidity","line":26,"loc":{"start":{"line":26,"column":4},"end":{"line":43,"column":4}}},"4":{"name":"swap","line":44,"loc":{"start":{"line":44,"column":4},"end":{"line":58,"column":4}}},"5":{"name":"removeLiquidity","line":59,"loc":{"start":{"line":59,"column":4},"end":{"line":72,"column":4}}}},"statementMap":{"1":{"start":{"line":28,"column":8},"end":{"line":28,"column":63}},"2":{"start":{"line":29,"column":8},"end":{"line":29,"column":63}},"3":{"start":{"line":30,"column":8},"end":{"line":30,"column":1252}},"4":{"start":{"line":31,"column":12},"end":{"line":31,"column":92}},"5":{"start":{"line":33,"column":8},"end":{"line":33,"column":1414}},"6":{"start":{"line":39,"column":8},"end":{"line":39,"column":39}},"7":{"start":{"line":40,"column":8},"end":{"line":40,"column":32}},"8":{"start":{"line":41,"column":8},"end":{"line":41,"column":80}},"9":{"start":{"line":42,"column":8},"end":{"line":42,"column":67}},"10":{"start":{"line":45,"column":8},"end":{"line":45,"column":89}},"11":{"start":{"line":46,"column":8},"end":{"line":46,"column":49}},"12":{"start":{"line":47,"column":8},"end":{"line":47,"column":50}},"13":{"start":{"line":48,"column":8},"end":{"line":48,"column":2230}},"14":{"start":{"line":51,"column":8},"end":{"line":51,"column":65}},"15":{"start":{"line":52,"column":8},"end":{"line":52,"column":50}},"16":{"start":{"line":55,"column":8},"end":{"line":55,"column":48}},"17":{"start":{"line":56,"column":8},"end":{"line":56,"column":80}},"18":{"start":{"line":57,"column":8},"end":{"line":57,"column":48}},"19":{"start":{"line":60,"column":8},"end":{"line":60,"column":51}},"20":{"start":{"line":61,"column":8},"end":{"line":61,"column":51}},"21":{"start":{"line":63,"column":8},"end":{"line":63,"column":55}},"22":{"start":{"line":64,"column":8},"end":{"line":64,"column":55}},"23":{"start":{"line":65,"column":8},"end":{"line":65,"column":61}},"24":{"start":{"line":67,"column":8},"end":{"line":67,"column":33}},"25":{"start":{"line":68,"column":8},"end":{"line":68,"column":46}},"26":{"start":{"line":70,"column":8},"end":{"line":70,"column":43}},"27":{"start":{"line":71,"column":8},"end":{"line":71,"column":43}}},"branchMap":{"1":{"line":26,"type":"if","locations":[{"start":{"line":26,"column":73},"end":{"line":26,"column":73}},{"start":{"line":26,"column":73},"end":{"line":26,"column":73}}]},"2":{"line":30,"type":"if","locations":[{"start":{"line":30,"column":8},"end":{"line":30,"column":8}},{"start":{"line":30,"column":8},"end":{"line":30,"column":8}}]},"3":{"line":30,"type":"cond-expr","locations":[{"start":{"line":30,"column":11},"end":{"line":30,"column":27}},{"start":{"line":30,"column":32},"end":{"line":30,"column":48}}]},"4":{"line":31,"type":"if","locations":[{"start":{"line":31,"column":12},"end":{"line":31,"column":12}},{"start":{"line":31,"column":12},"end":{"line":31,"column":12}}]},"5":{"line":33,"type":"if","locations":[{"start":{"line":33,"column":8},"end":{"line":33,"column":8}},{"start":{"line":33,"column":8},"end":{"line":33,"column":8}}]},"6":{"line":39,"type":"if","locations":[{"start":{"line":39,"column":8},"end":{"line":39,"column":8}},{"start":{"line":39,"column":8},"end":{"line":39,"column":8}}]},"7":{"line":45,"type":"if","locations":[{"start":{"line":45,"column":8},"end":{"line":45,"column":8}},{"start":{"line":45,"column":8},"end":{"line":45,"column":8}}]},"8":{"line":45,"type":"cond-expr","locations":[{"start":{"line":45,"column":16},"end":{"line":45,"column":40}},{"start":{"line":45,"column":45},"end":{"line":45,"column":70}}]},"9":{"line":46,"type":"if","locations":[{"start":{"line":46,"column":8},"end":{"line":46,"column":8}},{"start":{"line":46,"column":8},"end":{"line":46,"column":8}}]},"10":{"line":49,"type":"if","locations":[{"start":{"line":49,"column":10},"end":{"line":49,"column":55}},{"start":{"line":50,"column":10},"end":{"line":50,"column":55}}]},"11":{"line":65,"type":"if","locations":[{"start":{"line":65,"column":8},"end":{"line":65,"column":8}},{"start":{"line":65,"column":8},"end":{"line":65,"column":8}}]}}},
"contracts\\AToken.sol":{"l":{"11":0,"12":0,"19":0,"20":0,"21":0,"24":0,"25":0,"26":0,"27":0,"34":0,"35":0,"36":0,"37":0,"40":0},"path":"C:\\Users\\grank\\my-smart-contracts\\Remix-Practice\\contracts\\AToken.sol","s":{"1":0,"2":0,"3":0,"4":0,"5":0,"6":0,"7":0,"8":0,"9":0},"b":{"1":[0,0],"2":[0,0],"3":[0,0],"4":[0,0],"5":[0,0],"6":[0,0]},"f":{"1":0,"2":0,"3":0,"4":0},"fnMap":{"1":{"name":"constructor","line":10,"loc":{"start":{"line":10,"column":4},"end":{"line":13,"column":4}}},"2":{"name":"_beforeTokenTransfer","line":14,"loc":{"start":{"line":14,"column":5},"end":{"line":22,"column":4}}},"3":{"name":"_transfer","line":23,"loc":{"start":{"line":23,"column":4},"end":{"line":28,"column":4}}},"4":{"name":"buyTokens","line":29,"loc":{"start":{"line":29,"column":5},"end":{"line":38,"column":4}}}},"statementMap":{"1":{"start":{"line":12,"column":8},"end":{"line":12,"column":41}},"2":{"start":{"line":19,"column":8},"end":{"line":19,"column":54}},"3":{"start":{"line":20,"column":8},"end":{"line":20,"column":46}},"4":{"start":{"line":21,"column":8},"end":{"line":21,"column":51}},"5":{"start":{"line":24,"column":4},"end":{"line":24,"column":58}},"6":{"start":{"line":27,"column":4},"end":{"line":27,"column":35}},"7":{"start":{"line":34,"column":8},"end":{"line":34,"column":83}},"8":{"start":{"line":35,"column":8},"end":{"line":35,"column":84}},"9":{"start":{"line":36,"column":8},"end":{"line":36,"column":59}}},"branchMap":{"1":{"line":19,"type":"if","locations":[{"start":{"line":19,"column":8},"end":{"line":19,"column":8}},{"start":{"line":19,"column":8},"end":{"line":19,"column":8}}]},"2":{"line":20,"type":"if","locations":[{"start":{"line":20,"column":8},"end":{"line":20,"column":8}},{"start":{"line":20,"column":8},"end":{"line":20,"column":8}}]},"3":{"line":21,"type":"if","locations":[{"start":{"line":21,"column":8},"end":{"line":21,"column":8}},{"start":{"line":21,"column":8},"end":{"line":21,"column":8}}]},"4":{"line":24,"type":"if","locations":[{"start":{"line":24,"column":4},"end":{"line":24,"column":4}},{"start":{"line":24,"column":4},"end":{"line":24,"column":4}}]},"5":{"line":34,"type":"if","locations":[{"start":{"line":34,"column":8},"end":{"line":34,"column":8}},{"start":{"line":34,"column":8},"end":{"line":34,"column":8}}]},"6":{"line":35,"type":"if","locations":[{"start":{"line":35,"column":8},"end":{"line":35,"column":8}},{"start":{"line":35,"column":8},"end":{"line":35,"column":8}}]}}},
"contracts\\BToken.sol":{"l":{"11":0,"12":0,"19":0,"20":0,"21":0,"24":0,"25":0,"26":0,"27":0,"34":0,"35":0,"36":0,"37":0,"40":0},"path":"C:\\Users\\grank\\my-smart-contracts\\Remix-Practice\\contracts\\BToken.sol","s":{"1":0,"2":0,"3":0,"4":0,"5":0,"6":0,"7":0,"8":0,"9":0},"b":{"1":[0,0],"2":[0,0],"3":[0,0],"4":[0,0],"5":[0,0],"6":[0,0]},"f":{"1":0,"2":0,"3":0,"4":0},"fnMap":{"1":{"name":"constructor","line":10,"loc":{"start":{"line":10,"column":4},"end":{"line":13,"column":4}}},"2":{"name":"_beforeTokenTransfer","line":14,"loc":{"start":{"line":14,"column":4},"end":{"line":22,"column":4}}},"3":{"name":"_transfer","line":23,"loc":{"start":{"line":23,"column":4},"end":{"line":28,"column":4}}},"4":{"name":"buyTokens","line":29,"loc":{"start":{"line":29,"column":4},"end":{"line":38,"column":4}}}},"statementMap":{"1":{"start":{"line":12,"column":8},"end":{"line":12,"column":41}},"2":{"start":{"line":19,"column":8},"end":{"line":19,"column":54}},"3":{"start":{"line":20,"column":8},"end":{"line":20,"column":46}},"4":{"start":{"line":21,"column":8},"end":{"line":21,"column":51}},"5":{"start":{"line":24,"column":4},"end":{"line":24,"column":58}},"6":{"start":{"line":27,"column":4},"end":{"line":27,"column":35}},"7":{"start":{"line":34,"column":8},"end":{"line":34,"column":85}},"8":{"start":{"line":35,"column":8},"end":{"line":35,"column":84}},"9":{"start":{"line":36,"column":8},"end":{"line":36,"column":59}}},"branchMap":{"1":{"line":19,"type":"if","locations":[{"start":{"line":19,"column":8},"end":{"line":19,"column":8}},{"start":{"line":19,"column":8},"end":{"line":19,"column":8}}]},"2":{"line":20,"type":"if","locations":[{"start":{"line":20,"column":8},"end":{"line":20,"column":8}},{"start":{"line":20,"column":8},"end":{"line":20,"column":8}}]},"3":{"line":21,"type":"if","locations":[{"start":{"line":21,"column":8},"end":{"line":21,"column":8}},{"start":{"line":21,"column":8},"end":{"line":21,"column":8}}]},"4":{"line":24,"type":"if","locations":[{"start":{"line":24,"column":4},"end":{"line":24,"column":4}},{"start":{"line":24,"column":4},"end":{"line":24,"column":4}}]},"5":{"line":34,"type":"if","locations":[{"start":{"line":34,"column":8},"end":{"line":34,"column":8}},{"start":{"line":34,"column":8},"end":{"line":34,"column":8}}]},"6":{"line":35,"type":"if","locations":[{"start":{"line":35,"column":8},"end":{"line":35,"column":8}},{"start":{"line":35,"column":8},"end":{"line":35,"column":8}}]}}},
"contracts\\Counter.sol":{"l":{"8":0,"11":0,"12":0,"15":0},"path":"C:\\Users\\grank\\my-smart-contracts\\Remix-Practice\\contracts\\Counter.sol","s":{"1":0},"b":{"1":[0,0]},"f":{"1":0,"2":0,"3":0},"fnMap":{"1":{"name":"increment","line":7,"loc":{"start":{"line":7,"column":4},"end":{"line":9,"column":4}}},"2":{"name":"decrement","line":10,"loc":{"start":{"line":10,"column":4},"end":{"line":13,"column":4}}},"3":{"name":"reset","line":14,"loc":{"start":{"line":14,"column":4},"end":{"line":16,"column":4}}}},"statementMap":{"1":{"start":{"line":11,"column":8},"end":{"line":11,"column":46}}},"branchMap":{"1":{"line":11,"type":"if","locations":[{"start":{"line":11,"column":8},"end":{"line":11,"column":8}},{"start":{"line":11,"column":8},"end":{"line":11,"column":8}}]}}},
"contracts\\DonationEventLog.sol":{"l":{"19":0,"23":0,"24":0,"28":0,"30":0,"37":0,"39":0,"43":0,"47":0},"path":"C:\\Users\\grank\\my-smart-contracts\\Remix-Practice\\contracts\\DonationEventLog.sol","s":{"1":0,"2":0,"3":0,"4":0,"5":0,"6":0,"7":0},"b":{"1":[0,0],"2":[0,0],"3":[0,0]},"f":{"1":0,"2":0,"3":0,"4":0,"5":0},"fnMap":{"1":{"name":"constructor","line":18,"loc":{"start":{"line":18,"column":4},"end":{"line":20,"column":4}}},"2":{"name":"onlyOwner","line":22,"loc":{"start":{"line":22,"column":4},"end":{"line":25,"column":4}}},"3":{"name":"donate","line":27,"loc":{"start":{"line":27,"column":4},"end":{"line":40,"column":4}}},"4":{"name":"getAllDonations","line":42,"loc":{"start":{"line":42,"column":4},"end":{"line":44,"column":4}}},"5":{"name":"withdrawAll","line":46,"loc":{"start":{"line":46,"column":4},"end":{"line":48,"column":4}}}},"statementMap":{"1":{"start":{"line":23,"column":8},"end":{"line":23,"column":61}},"2":{"start":{"line":28,"column":8},"end":{"line":28,"column":46}},"3":{"start":{"line":30,"column":8},"end":{"line":30,"column":684}},"4":{"start":{"line":37,"column":8},"end":{"line":37,"column":34}},"5":{"start":{"line":39,"column":8},"end":{"line":39,"column":74}},"6":{"start":{"line":43,"column":8},"end":{"line":43,"column":24}},"7":{"start":{"line":47,"column":8},"end":{"line":47,"column":39}}},"branchMap":{"1":{"line":23,"type":"if","locations":[{"start":{"line":23,"column":8},"end":{"line":23,"column":8}},{"start":{"line":23,"column":8},"end":{"line":23,"column":8}}]},"2":{"line":28,"type":"if","locations":[{"start":{"line":28,"column":8},"end":{"line":28,"column":8}},{"start":{"line":28,"column":8},"end":{"line":28,"column":8}}]},"3":{"line":46,"type":"if","locations":[{"start":{"line":46,"column":46},"end":{"line":46,"column":46}},{"start":{"line":46,"column":46},"end":{"line":46,"column":46}}]}}},
"contracts\\ERC20Base.sol":{"l":{"16":2,"17":2,"20":0,"21":0,"24":3,"25":3,"26":3,"27":3,"30":0,"33":0,"36":0,"39":0,"42":2,"45":2,"46":2,"47":2,"48":2,"49":2,"52":0,"53":0,"54":0,"55":0,"56":0,"57":0,"58":0,"61":0,"64":3,"65":3,"66":3,"67":3,"70":0,"71":0,"72":0,"73":0,"74":0,"77":0,"80":1,"81":1,"84":1,"85":1},"path":"C:\\Users\\grank\\my-smart-contracts\\Remix-Practice\\contracts\\ERC20Base.sol","s":{"1":2,"2":0,"3":3,"4":0,"5":0,"6":0,"7":0,"8":2,"9":2,"10":2,"11":2,"12":0,"13":0,"14":0,"15":0,"16":0,"17":3,"18":3,"19":0,"20":0,"21":0,"22":0,"23":1,"24":1,"25":1},"b":{"1":[2,0],"2":[0,0],"3":[2,0],"4":[0,0],"5":[0,0],"6":[0,0]},"f":{"1":2,"2":0,"3":3,"4":0,"5":0,"6":0,"7":0,"8":2,"9":2,"10":0,"11":0,"12":3,"13":0,"14":0,"15":1,"16":1,"17":5},"fnMap":{"1":{"name":"enoughBalance","line":15,"loc":{"start":{"line":15,"column":4},"end":{"line":18,"column":4}}},"2":{"name":"onlyOwner","line":19,"loc":{"start":{"line":19,"column":4},"end":{"line":22,"column":4}}},"3":{"name":"constructor","line":23,"loc":{"start":{"line":23,"column":4},"end":{"line":28,"column":4}}},"4":{"name":"name","line":29,"loc":{"start":{"line":29,"column":4},"end":{"line":31,"column":4}}},"5":{"name":"symbol","line":32,"loc":{"start":{"line":32,"column":4},"end":{"line":34,"column":4}}},"6":{"name":"decimals","line":35,"loc":{"start":{"line":35,"column":4},"end":{"line":37,"column":4}}},"7":{"name":"totalSupply","line":38,"loc":{"start":{"line":38,"column":4},"end":{"line":40,"column":4}}},"8":{"name":"balanceOf","line":41,"loc":{"start":{"line":41,"column":4},"end":{"line":43,"column":4}}},"9":{"name":"transfer","line":44,"loc":{"start":{"line":44,"column":4},"end":{"line":50,"column":4}}},"10":{"name":"transferFrom","line":51,"loc":{"start":{"line":51,"column":4},"end":{"line":59,"column":4}}},"11":{"name":"mint","line":60,"loc":{"start":{"line":60,"column":4},"end":{"line":62,"column":4}}},"12":{"name":"_mint","line":63,"loc":{"start":{"line":63,"column":4},"end":{"line":68,"column":4}}},"13":{"name":"_burn","line":69,"loc":{"start":{"line":69,"column":4},"end":{"line":75,"column":4}}},"14":{"name":"allowance","line":76,"loc":{"start":{"line":76,"column":4},"end":{"line":78,"column":4}}},"15":{"name":"approve","line":79,"loc":{"start":{"line":79,"column":4},"end":{"line":82,"column":4}}},"16":{"name":"_approve","line":83,"loc":{"start":{"line":83,"column":4},"end":{"line":86,"column":4}}},"17":{"name":"_beforeTokenTransfer","line":87,"loc":{"start":{"line":87,"column":4},"end":{"line":91,"column":24}}}},"statementMap":{"1":{"start":{"line":16,"column":8},"end":{"line":16,"column":65}},"2":{"start":{"line":20,"column":8},"end":{"line":20,"column":53}},"3":{"start":{"line":27,"column":8},"end":{"line":27,"column":38}},"4":{"start":{"line":30,"column":8},"end":{"line":30,"column":20}},"5":{"start":{"line":33,"column":8},"end":{"line":33,"column":22}},"6":{"start":{"line":36,"column":8},"end":{"line":36,"column":17}},"7":{"start":{"line":39,"column":8},"end":{"line":39,"column":26}},"8":{"start":{"line":42,"column":8},"end":{"line":42,"column":32}},"9":{"start":{"line":45,"column":8},"end":{"line":45,"column":51}},"10":{"start":{"line":48,"column":8},"end":{"line":48,"column":45}},"11":{"start":{"line":49,"column":8},"end":{"line":49,"column":19}},"12":{"start":{"line":52,"column":8},"end":{"line":52,"column":77}},"13":{"start":{"line":53,"column":8},"end":{"line":53,"column":54}},"14":{"start":{"line":57,"column":8},"end":{"line":57,"column":48}},"15":{"start":{"line":58,"column":8},"end":{"line":58,"column":19}},"16":{"start":{"line":61,"column":8},"end":{"line":61,"column":24}},"17":{"start":{"line":64,"column":8},"end":{"line":64,"column":51}},"18":{"start":{"line":67,"column":8},"end":{"line":67,"column":45}},"19":{"start":{"line":70,"column":8},"end":{"line":70,"column":53}},"20":{"start":{"line":71,"column":8},"end":{"line":71,"column":69}},"21":{"start":{"line":74,"column":8},"end":{"line":74,"column":47}},"22":{"start":{"line":77,"column":8},"end":{"line":77,"column":42}},"23":{"start":{"line":80,"column":8},"end":{"line":80,"column":44}},"24":{"start":{"line":81,"column":8},"end":{"line":81,"column":19}},"25":{"start":{"line":85,"column":8},"end":{"line":85,"column":46}}},"branchMap":{"1":{"line":16,"type":"if","locations":[{"start":{"line":16,"column":8},"end":{"line":16,"column":8}},{"start":{"line":16,"column":8},"end":{"line":16,"column":8}}]},"2":{"line":20,"type":"if","locations":[{"start":{"line":20,"column":8},"end":{"line":20,"column":8}},{"start":{"line":20,"column":8},"end":{"line":20,"column":8}}]},"3":{"line":44,"type":"if","locations":[{"start":{"line":44,"column":65},"end":{"line":44,"column":65}},{"start":{"line":44,"column":65},"end":{"line":44,"column":65}}]},"4":{"line":52,"type":"if","locations":[{"start":{"line":52,"column":8},"end":{"line":52,"column":8}},{"start":{"line":52,"column":8},"end":{"line":52,"column":8}}]},"5":{"line":60,"type":"if","locations":[{"start":{"line":60,"column":50},"end":{"line":60,"column":50}},{"start":{"line":60,"column":50},"end":{"line":60,"column":50}}]},"6":{"line":71,"type":"if","locations":[{"start":{"line":71,"column":8},"end":{"line":71,"column":8}},{"start":{"line":71,"column":8},"end":{"line":71,"column":8}}]}}},
"contracts\\IERC20.sol":{"l":{},"path":"C:\\Users\\grank\\my-smart-contracts\\Remix-Practice\\contracts\\IERC20.sol","s":{},"b":{},"f":{},"fnMap":{},"statementMap":{},"branchMap":{}},
"contracts\\ILibraryStorage.sol":{"l":{},"path":"C:\\Users\\grank\\my-smart-contracts\\Remix-Practice\\contracts\\ILibraryStorage.sol","s":{},"b":{},"f":{},"fnMap":{},"statementMap":{},"branchMap":{}},
"contracts\\IProjectFund.sol":{"l":{},"path":"C:\\Users\\grank\\my-smart-contracts\\Remix-Practice\\contracts\\IProjectFund.sol","s":{},"b":{},"f":{},"fnMap":{},"statementMap":{},"branchMap":{}},
"contracts\\LibraryStorage.sol":{"l":{"18":0,"24":0,"27":0,"28":0,"29":0,"30":0,"31":0,"32":0,"34":0,"35":0,"36":0,"37":0,"38":0,"40":0,"41":0,"44":0,"47":0,"48":0,"49":0,"50":0,"52":0,"53":0,"54":0,"55":0,"56":0,"57":0,"58":0,"59":0,"61":0,"63":0,"67":0,"68":0,"69":0,"70":0,"73":0,"74":0,"75":0,"76":0,"77":0,"78":0,"81":0,"84":0,"85":0,"86":0,"87":0,"90":0,"91":0,"92":0,"93":0,"94":0,"95":0,"98":0,"101":0,"102":0,"103":0,"104":0,"105":0,"106":0,"107":0,"110":0,"111":0,"115":0,"118":0,"119":0,"120":0,"121":0,"123":0,"124":0,"125":0,"126":0,"127":0,"129":0,"130":0,"131":0,"134":0},"path":"C:\\Users\\grank\\my-smart-contracts\\Remix-Practice\\contracts\\LibraryStorage.sol","s":{"1":0,"2":0,"3":0,"4":0,"5":0,"6":0,"7":0,"8":0,"9":0,"10":0,"11":0,"12":0,"13":0,"14":0,"15":0,"16":0,"17":0,"18":0,"19":0,"20":0,"21":0,"22":0,"23":0,"24":0,"25":0,"26":0,"27":0,"28":0,"29":0,"30":0,"31":0,"32":0,"33":0,"34":0,"35":0,"36":0,"37":0,"38":0,"39":0,"40":0,"41":0,"42":0,"43":0,"44":0,"45":0,"46":0,"47":0,"48":0,"49":0,"50":0,"51":0,"52":0,"53":0,"54":0,"55":0},"b":{"1":[0,0],"2":[0,0],"3":[0,0],"4":[0,0],"5":[0,0],"6":[0,0],"7":[0,0],"8":[0,0],"9":[0,0],"10":[0,0],"11":[0,0],"12":[0,0],"13":[0,0],"14":[0,0],"15":[0,0],"16":[0,0],"17":[0,0],"18":[0,0],"19":[0,0]},"f":{"1":0,"2":0,"3":0,"4":0,"5":0,"6":0,"7":0,"8":0},"fnMap":{"1":{"name":"addBook","line":17,"loc":{"start":{"line":17,"column":4},"end":{"line":25,"column":4}}},"2":{"name":"borrowBook","line":26,"loc":{"start":{"line":26,"column":4},"end":{"line":45,"column":4}}},"3":{"name":"returnBook","line":46,"loc":{"start":{"line":46,"column":3},"end":{"line":64,"column":3}}},"4":{"name":"getAvailableBook","line":66,"loc":{"start":{"line":66,"column":4},"end":{"line":82,"column":4}}},"5":{"name":"getReservedBooks","line":83,"loc":{"start":{"line":83,"column":4},"end":{"line":99,"column":4}}},"6":{"name":"reserveBook","line":100,"loc":{"start":{"line":100,"column":4},"end":{"line":112,"column":4}}},"7":{"name":"getMyReservations","line":114,"loc":{"start":{"line":114,"column":4},"end":{"line":116,"column":4}}},"8":{"name":"cancelReservation","line":117,"loc":{"start":{"line":117,"column":4},"end":{"line":135,"column":0}}}},"statementMap":{"1":{"start":{"line":18,"column":8},"end":{"line":18,"column":626}},"2":{"start":{"line":24,"column":8},"end":{"line":24,"column":53}},"3":{"start":{"line":27,"column":8},"end":{"line":27,"column":49}},"4":{"start":{"line":28,"column":8},"end":{"line":28,"column":72}},"5":{"start":{"line":29,"column":8},"end":{"line":29,"column":71}},"6":{"start":{"line":34,"column":8},"end":{"line":34,"column":53}},"7":{"start":{"line":35,"column":4},"end":{"line":35,"column":1284}},"8":{"start":{"line":36,"column":8},"end":{"line":36,"column":1338}},"9":{"start":{"line":37,"column":12},"end":{"line":37,"column":1384}},"10":{"start":{"line":40,"column":12},"end":{"line":40,"column":21}},"11":{"start":{"line":44,"column":8},"end":{"line":44,"column":61}},"12":{"start":{"line":47,"column":4},"end":{"line":47,"column":45}},"13":{"start":{"line":48,"column":4},"end":{"line":48,"column":69}},"14":{"start":{"line":52,"column":4},"end":{"line":52,"column":49}},"15":{"start":{"line":53,"column":4},"end":{"line":53,"column":20}},"16":{"start":{"line":54,"column":4},"end":{"line":54,"column":1935}},"17":{"start":{"line":58,"column":4},"end":{"line":58,"column":2049}},"18":{"start":{"line":61,"column":12},"end":{"line":61,"column":21}},"19":{"start":{"line":63,"column":8},"end":{"line":63,"column":52}},"20":{"start":{"line":67,"column":8},"end":{"line":67,"column":22}},"21":{"start":{"line":68,"column":8},"end":{"line":68,"column":2341}},"22":{"start":{"line":69,"column":12},"end":{"line":69,"column":2400}},"23":{"start":{"line":73,"column":8},"end":{"line":73,"column":56}},"24":{"start":{"line":74,"column":8},"end":{"line":74,"column":22}},"25":{"start":{"line":75,"column":8},"end":{"line":75,"column":2577}},"26":{"start":{"line":76,"column":12},"end":{"line":76,"column":2636}},"27":{"start":{"line":81,"column":8},"end":{"line":81,"column":29}},"28":{"start":{"line":84,"column":4},"end":{"line":84,"column":18}},"29":{"start":{"line":85,"column":4},"end":{"line":85,"column":2904}},"30":{"start":{"line":86,"column":8},"end":{"line":86,"column":2958}},"31":{"start":{"line":90,"column":4},"end":{"line":90,"column":52}},"32":{"start":{"line":91,"column":4},"end":{"line":91,"column":18}},"33":{"start":{"line":92,"column":4},"end":{"line":92,"column":3109}},"34":{"start":{"line":93,"column":8},"end":{"line":93,"column":3158}},"35":{"start":{"line":98,"column":4},"end":{"line":98,"column":24}},"36":{"start":{"line":101,"column":8},"end":{"line":101,"column":53}},"37":{"start":{"line":102,"column":8},"end":{"line":102,"column":49}},"38":{"start":{"line":103,"column":8},"end":{"line":103,"column":77}},"39":{"start":{"line":104,"column":8},"end":{"line":104,"column":49}},"40":{"start":{"line":105,"column":12},"end":{"line":105,"column":3614}},"41":{"start":{"line":106,"column":16},"end":{"line":106,"column":3676}},"42":{"start":{"line":107,"column":16},"end":{"line":107,"column":61}},"43":{"start":{"line":110,"column":8},"end":{"line":110,"column":44}},"44":{"start":{"line":111,"column":8},"end":{"line":111,"column":51}},"45":{"start":{"line":115,"column":4},"end":{"line":115,"column":31}},"46":{"start":{"line":118,"column":8},"end":{"line":118,"column":53}},"47":{"start":{"line":119,"column":8},"end":{"line":119,"column":33}},"48":{"start":{"line":120,"column":8},"end":{"line":120,"column":49}},"49":{"start":{"line":121,"column":8},"end":{"line":121,"column":52}},"50":{"start":{"line":123,"column":8},"end":{"line":123,"column":26}},"51":{"start":{"line":124,"column":8},"end":{"line":124,"column":4333}},"52":{"start":{"line":125,"column":12},"end":{"line":125,"column":4383}},"53":{"start":{"line":126,"column":16},"end":{"line":126,"column":4430}},"54":{"start":{"line":129,"column":16},"end":{"line":129,"column":25}},"55":{"start":{"line":134,"column":8},"end":{"line":134,"column":47}}},"branchMap":{"1":{"line":27,"type":"if","locations":[{"start":{"line":27,"column":8},"end":{"line":27,"column":8}},{"start":{"line":27,"column":8},"end":{"line":27,"column":8}}]},"2":{"line":28,"type":"if","locations":[{"start":{"line":28,"column":8},"end":{"line":28,"column":8}},{"start":{"line":28,"column":8},"end":{"line":28,"column":8}}]},"3":{"line":29,"type":"if","locations":[{"start":{"line":29,"column":8},"end":{"line":29,"column":8}},{"start":{"line":29,"column":8},"end":{"line":29,"column":8}}]},"4":{"line":36,"type":"if","locations":[{"start":{"line":36,"column":8},"end":{"line":36,"column":8}},{"start":{"line":36,"column":8},"end":{"line":36,"column":8}}]},"5":{"line":47,"type":"if","locations":[{"start":{"line":47,"column":4},"end":{"line":47,"column":4}},{"start":{"line":47,"column":4},"end":{"line":47,"column":4}}]},"6":{"line":48,"type":"if","locations":[{"start":{"line":48,"column":4},"end":{"line":48,"column":4}},{"start":{"line":48,"column":4},"end":{"line":48,"column":4}}]},"7":{"line":54,"type":"if","locations":[{"start":{"line":54,"column":4},"end":{"line":54,"column":4}},{"start":{"line":54,"column":4},"end":{"line":54,"column":4}}]},"8":{"line":69,"type":"if","locations":[{"start":{"line":69,"column":12},"end":{"line":69,"column":12}},{"start":{"line":69,"column":12},"end":{"line":69,"column":12}}]},"9":{"line":76,"type":"if","locations":[{"start":{"line":76,"column":12},"end":{"line":76,"column":12}},{"start":{"line":76,"column":12},"end":{"line":76,"column":12}}]},"10":{"line":86,"type":"if","locations":[{"start":{"line":86,"column":8},"end":{"line":86,"column":8}},{"start":{"line":86,"column":8},"end":{"line":86,"column":8}}]},"11":{"line":93,"type":"if","locations":[{"start":{"line":93,"column":8},"end":{"line":93,"column":8}},{"start":{"line":93,"column":8},"end":{"line":93,"column":8}}]},"12":{"line":102,"type":"if","locations":[{"start":{"line":102,"column":8},"end":{"line":102,"column":8}},{"start":{"line":102,"column":8},"end":{"line":102,"column":8}}]},"13":{"line":103,"type":"if","locations":[{"start":{"line":103,"column":8},"end":{"line":103,"column":8}},{"start":{"line":103,"column":8},"end":{"line":103,"column":8}}]},"14":{"line":104,"type":"if","locations":[{"start":{"line":104,"column":8},"end":{"line":104,"column":8}},{"start":{"line":104,"column":8},"end":{"line":104,"column":8}}]},"15":{"line":106,"type":"if","locations":[{"start":{"line":106,"column":16},"end":{"line":106,"column":16}},{"start":{"line":106,"column":16},"end":{"line":106,"column":16}}]},"16":{"line":120,"type":"if","locations":[{"start":{"line":120,"column":8},"end":{"line":120,"column":8}},{"start":{"line":120,"column":8},"end":{"line":120,"column":8}}]},"17":{"line":121,"type":"if","locations":[{"start":{"line":121,"column":8},"end":{"line":121,"column":8}},{"start":{"line":121,"column":8},"end":{"line":121,"column":8}}]},"18":{"line":125,"type":"if","locations":[{"start":{"line":125,"column":12},"end":{"line":125,"column":12}},{"start":{"line":125,"column":12},"end":{"line":125,"column":12}}]},"19":{"line":134,"type":"if","locations":[{"start":{"line":134,"column":8},"end":{"line":134,"column":8}},{"start":{"line":134,"column":8},"end":{"line":134,"column":8}}]}}},
"contracts\\ProjectFund.sol":{"l":{"16":0,"19":0,"20":0,"27":0,"28":0,"35":0,"36":0,"37":0,"40":0,"43":0},"path":"C:\\Users\\grank\\my-smart-contracts\\Remix-Practice\\contracts\\ProjectFund.sol","s":{"1":0,"2":0,"3":0,"4":0,"5":0,"6":0,"7":0},"b":{"1":[0,0],"2":[0,0]},"f":{"1":0,"2":0,"3":0,"4":0,"5":0,"6":0},"fnMap":{"1":{"name":"constructor","line":15,"loc":{"start":{"line":15,"column":4},"end":{"line":17,"column":4}}},"2":{"name":"onlyOwner","line":18,"loc":{"start":{"line":18,"column":4},"end":{"line":21,"column":4}}},"3":{"name":null,"line":24,"loc":{"start":{"line":24,"column":4},"end":{"line":25,"column":4}}},"4":{"name":"donateToProject","line":26,"loc":{"start":{"line":26,"column":4},"end":{"line":38,"column":4}}},"5":{"name":"getProjectDonations","line":39,"loc":{"start":{"line":39,"column":4},"end":{"line":41,"column":4}}},"6":{"name":"getProjectTotal","line":42,"loc":{"start":{"line":42,"column":4},"end":{"line":44,"column":4}}}},"statementMap":{"1":{"start":{"line":19,"column":8},"end":{"line":19,"column":61}},"2":{"start":{"line":27,"column":8},"end":{"line":27,"column":48}},"3":{"start":{"line":28,"column":8},"end":{"line":28,"column":930}},"4":{"start":{"line":35,"column":8},"end":{"line":35,"column":62}},"5":{"start":{"line":37,"column":7},"end":{"line":37,"column":87}},"6":{"start":{"line":40,"column":8},"end":{"line":40,"column":46}},"7":{"start":{"line":43,"column":8},"end":{"line":43,"column":42}}},"branchMap":{"1":{"line":19,"type":"if","locations":[{"start":{"line":19,"column":8},"end":{"line":19,"column":8}},{"start":{"line":19,"column":8},"end":{"line":19,"column":8}}]},"2":{"line":27,"type":"if","locations":[{"start":{"line":27,"column":8},"end":{"line":27,"column":8}},{"start":{"line":27,"column":8},"end":{"line":27,"column":8}}]}}},
"contracts\\ProxyLibrary.sol":{"l":{"8":0,"11":0,"14":0,"17":0,"20":0},"path":"C:\\Users\\grank\\my-smart-contracts\\Remix-Practice\\contracts\\ProxyLibrary.sol","s":{"1":0,"2":0,"3":0,"4":0},"b":{},"f":{"1":0,"2":0,"3":0,"4":0,"5":0},"fnMap":{"1":{"name":"constructor","line":7,"loc":{"start":{"line":7,"column":4},"end":{"line":9,"column":4}}},"2":{"name":"borrowBook","line":10,"loc":{"start":{"line":10,"column":4},"end":{"line":12,"column":4}}},"3":{"name":"returnBook","line":13,"loc":{"start":{"line":13,"column":4},"end":{"line":15,"column":4}}},"4":{"name":"reserveBook","line":16,"loc":{"start":{"line":16,"column":4},"end":{"line":18,"column":4}}},"5":{"name":"cancelReservation","line":19,"loc":{"start":{"line":19,"column":4},"end":{"line":21,"column":4}}}},"statementMap":{"1":{"start":{"line":11,"column":8},"end":{"line":11,"column":40}},"2":{"start":{"line":14,"column":8},"end":{"line":14,"column":40}},"3":{"start":{"line":17,"column":8},"end":{"line":17,"column":41}},"4":{"start":{"line":20,"column":8},"end":{"line":20,"column":47}}},"branchMap":{}},
"contracts\\TestProject.sol":{"l":{"10":0,"14":0,"16":0},"path":"C:\\Users\\grank\\my-smart-contracts\\Remix-Practice\\contracts\\TestProject.sol","s":{"1":0,"2":0},"b":{"1":[0,0]},"f":{"1":0,"2":0},"fnMap":{"1":{"name":"constructor","line":9,"loc":{"start":{"line":9,"column":4},"end":{"line":11,"column":4}}},"2":{"name":"proxyDonate","line":13,"loc":{"start":{"line":13,"column":4},"end":{"line":17,"column":4}}}},"statementMap":{"1":{"start":{"line":14,"column":8},"end":{"line":14,"column":51}},"2":{"start":{"line":16,"column":8},"end":{"line":16,"column":97}}},"branchMap":{"1":{"line":14,"type":"if","locations":[{"start":{"line":14,"column":8},"end":{"line":14,"column":8}},{"start":{"line":14,"column":8},"end":{"line":14,"column":8}}]}}},
"contracts\\TokenSwap.sol":{"l":{"26":0,"28":0,"29":0,"30":0,"31":0,"32":0,"36":0,"37":0,"41":0,"42":0,"45":0,"48":0,"49":0,"52":0,"56":0,"57":0,"58":0,"59":0,"60":0,"61":0,"62":0,"64":0,"65":0,"67":0,"68":0,"70":0,"71":0,"75":0,"76":0,"77":0,"78":0,"79":0,"80":0,"81":0,"83":0,"84":0,"86":0,"87":0,"89":0,"90":0,"93":0,"96":0,"100":0,"101":0,"105":0,"106":0,"110":0,"111":0,"112":0},"path":"C:\\Users\\grank\\my-smart-contracts\\Remix-Practice\\contracts\\TokenSwap.sol","s":{"1":0,"2":0,"3":0,"4":0,"5":0,"6":0,"7":0,"8":0,"9":0,"10":0,"11":0,"12":0,"13":0,"14":0,"15":0,"16":0,"17":0,"18":0,"19":0,"20":0,"21":0,"22":0,"23":0,"24":0,"25":0,"26":0,"27":0,"28":0,"29":0,"30":0,"31":0,"32":0,"33":0,"34":0,"35":0,"36":0,"37":0,"38":0,"39":0,"40":0},"b":{"1":[0,0],"2":[0,0],"3":[0,0],"4":[0,0],"5":[0,0],"6":[0,0],"7":[0,0],"8":[0,0],"9":[0,0],"10":[0,0],"11":[0,0],"12":[0,0],"13":[0,0],"14":[0,0],"15":[0,0],"16":[0,0],"17":[0,0],"18":[0,0],"19":[0,0],"20":[0,0],"21":[0,0],"22":[0,0],"23":[0,0],"24":[0,0],"25":[0,0],"26":[0,0]},"f":{"1":0,"2":0,"3":0,"4":0,"5":0,"6":0,"7":0,"8":0,"9":0,"10":0,"11":0,"12":0,"13":0},"fnMap":{"1":{"name":"constructor","line":25,"loc":{"start":{"line":25,"column":4},"end":{"line":33,"column":4}}},"2":{"name":"onlyAdmin","line":35,"loc":{"start":{"line":35,"column":4},"end":{"line":38,"column":4}}},"3":{"name":"setRatio","line":40,"loc":{"start":{"line":40,"column":4},"end":{"line":43,"column":4}}},"4":{"name":"getRatio","line":44,"loc":{"start":{"line":44,"column":4},"end":{"line":46,"column":4}}},"5":{"name":"setFees","line":47,"loc":{"start":{"line":47,"column":4},"end":{"line":50,"column":4}}},"6":{"name":"getFees","line":51,"loc":{"start":{"line":51,"column":4},"end":{"line":53,"column":4}}},"7":{"name":"swapTKA","line":55,"loc":{"start":{"line":55,"column":4},"end":{"line":72,"column":4}}},"8":{"name":"swapTKB","line":74,"loc":{"start":{"line":74,"column":4},"end":{"line":91,"column":4}}},"9":{"name":"buyTokensA","line":92,"loc":{"start":{"line":92,"column":4},"end":{"line":94,"column":4}}},"10":{"name":"buyTokensB","line":95,"loc":{"start":{"line":95,"column":4},"end":{"line":97,"column":4}}},"11":{"name":"withdrawTokens","line":99,"loc":{"start":{"line":99,"column":4},"end":{"line":102,"column":4}}},"12":{"name":"withdrawETH","line":104,"loc":{"start":{"line":104,"column":4},"end":{"line":107,"column":4}}},"13":{"name":"changeAdmin","line":109,"loc":{"start":{"line":109,"column":4},"end":{"line":113,"column":4}}}},"statementMap":{"1":{"start":{"line":30,"column":4},"end":{"line":30,"column":87}},"2":{"start":{"line":36,"column":8},"end":{"line":36,"column":49}},"3":{"start":{"line":42,"column":8},"end":{"line":42,"column":32}},"4":{"start":{"line":45,"column":8},"end":{"line":45,"column":22}},"5":{"start":{"line":49,"column":8},"end":{"line":49,"column":30}},"6":{"start":{"line":52,"column":8},"end":{"line":52,"column":19}},"7":{"start":{"line":56,"column":8},"end":{"line":56,"column":50}},"8":{"start":{"line":57,"column":8},"end":{"line":57,"column":88}},"9":{"start":{"line":58,"column":8},"end":{"line":58,"column":96}},"10":{"start":{"line":59,"column":8},"end":{"line":59,"column":44}},"11":{"start":{"line":60,"column":8},"end":{"line":60,"column":44}},"12":{"start":{"line":61,"column":8},"end":{"line":61,"column":46}},"13":{"start":{"line":62,"column":8},"end":{"line":62,"column":51}},"14":{"start":{"line":64,"column":8},"end":{"line":64,"column":79}},"15":{"start":{"line":65,"column":8},"end":{"line":65,"column":98}},"16":{"start":{"line":67,"column":8},"end":{"line":67,"column":64}},"17":{"start":{"line":68,"column":8},"end":{"line":68,"column":50}},"18":{"start":{"line":70,"column":8},"end":{"line":70,"column":78}},"19":{"start":{"line":71,"column":8},"end":{"line":71,"column":29}},"20":{"start":{"line":75,"column":8},"end":{"line":75,"column":50}},"21":{"start":{"line":76,"column":8},"end":{"line":76,"column":88}},"22":{"start":{"line":77,"column":8},"end":{"line":77,"column":96}},"23":{"start":{"line":78,"column":8},"end":{"line":78,"column":44}},"24":{"start":{"line":79,"column":8},"end":{"line":79,"column":44}},"25":{"start":{"line":80,"column":8},"end":{"line":80,"column":49}},"26":{"start":{"line":81,"column":8},"end":{"line":81,"column":51}},"27":{"start":{"line":83,"column":8},"end":{"line":83,"column":79}},"28":{"start":{"line":84,"column":8},"end":{"line":84,"column":98}},"29":{"start":{"line":86,"column":8},"end":{"line":86,"column":64}},"30":{"start":{"line":87,"column":8},"end":{"line":87,"column":50}},"31":{"start":{"line":89,"column":8},"end":{"line":89,"column":78}},"32":{"start":{"line":90,"column":8},"end":{"line":90,"column":29}},"33":{"start":{"line":93,"column":8},"end":{"line":93,"column":57}},"34":{"start":{"line":96,"column":8},"end":{"line":96,"column":57}},"35":{"start":{"line":100,"column":4},"end":{"line":100,"column":40}},"36":{"start":{"line":101,"column":4},"end":{"line":101,"column":39}},"37":{"start":{"line":105,"column":4},"end":{"line":105,"column":25}},"38":{"start":{"line":106,"column":4},"end":{"line":106,"column":29}},"39":{"start":{"line":110,"column":4},"end":{"line":110,"column":57}},"40":{"start":{"line":111,"column":4},"end":{"line":111,"column":38}}},"branchMap":{"1":{"line":30,"type":"if","locations":[{"start":{"line":30,"column":4},"end":{"line":30,"column":4}},{"start":{"line":30,"column":4},"end":{"line":30,"column":4}}]},"2":{"line":36,"type":"if","locations":[{"start":{"line":36,"column":8},"end":{"line":36,"column":8}},{"start":{"line":36,"column":8},"end":{"line":36,"column":8}}]},"3":{"line":40,"type":"if","locations":[{"start":{"line":40,"column":42},"end":{"line":40,"column":42}},{"start":{"line":40,"column":42},"end":{"line":40,"column":42}}]},"4":{"line":44,"type":"if","locations":[{"start":{"line":44,"column":36},"end":{"line":44,"column":36}},{"start":{"line":44,"column":36},"end":{"line":44,"column":36}}]},"5":{"line":47,"type":"if","locations":[{"start":{"line":47,"column":40},"end":{"line":47,"column":40}},{"start":{"line":47,"column":40},"end":{"line":47,"column":40}}]},"6":{"line":51,"type":"if","locations":[{"start":{"line":51,"column":35},"end":{"line":51,"column":35}},{"start":{"line":51,"column":35},"end":{"line":51,"column":35}}]},"7":{"line":55,"type":"if","locations":[{"start":{"line":55,"column":44},"end":{"line":55,"column":44}},{"start":{"line":55,"column":44},"end":{"line":55,"column":44}}]},"8":{"line":56,"type":"if","locations":[{"start":{"line":56,"column":8},"end":{"line":56,"column":8}},{"start":{"line":56,"column":8},"end":{"line":56,"column":8}}]},"9":{"line":57,"type":"if","locations":[{"start":{"line":57,"column":8},"end":{"line":57,"column":8}},{"start":{"line":57,"column":8},"end":{"line":57,"column":8}}]},"10":{"line":58,"type":"if","locations":[{"start":{"line":58,"column":8},"end":{"line":58,"column":8}},{"start":{"line":58,"column":8},"end":{"line":58,"column":8}}]},"11":{"line":59,"type":"if","locations":[{"start":{"line":59,"column":8},"end":{"line":59,"column":8}},{"start":{"line":59,"column":8},"end":{"line":59,"column":8}}]},"12":{"line":64,"type":"if","locations":[{"start":{"line":64,"column":8},"end":{"line":64,"column":8}},{"start":{"line":64,"column":8},"end":{"line":64,"column":8}}]},"13":{"line":65,"type":"if","locations":[{"start":{"line":65,"column":8},"end":{"line":65,"column":8}},{"start":{"line":65,"column":8},"end":{"line":65,"column":8}}]},"14":{"line":74,"type":"if","locations":[{"start":{"line":74,"column":44},"end":{"line":74,"column":44}},{"start":{"line":74,"column":44},"end":{"line":74,"column":44}}]},"15":{"line":75,"type":"if","locations":[{"start":{"line":75,"column":8},"end":{"line":75,"column":8}},{"start":{"line":75,"column":8},"end":{"line":75,"column":8}}]},"16":{"line":76,"type":"if","locations":[{"start":{"line":76,"column":8},"end":{"line":76,"column":8}},{"start":{"line":76,"column":8},"end":{"line":76,"column":8}}]},"17":{"line":77,"type":"if","locations":[{"start":{"line":77,"column":8},"end":{"line":77,"column":8}},{"start":{"line":77,"column":8},"end":{"line":77,"column":8}}]},"18":{"line":78,"type":"if","locations":[{"start":{"line":78,"column":8},"end":{"line":78,"column":8}},{"start":{"line":78,"column":8},"end":{"line":78,"column":8}}]},"19":{"line":83,"type":"if","locations":[{"start":{"line":83,"column":8},"end":{"line":83,"column":8}},{"start":{"line":83,"column":8},"end":{"line":83,"column":8}}]},"20":{"line":84,"type":"if","locations":[{"start":{"line":84,"column":8},"end":{"line":84,"column":8}},{"start":{"line":84,"column":8},"end":{"line":84,"column":8}}]},"21":{"line":92,"type":"if","locations":[{"start":{"line":92,"column":52},"end":{"line":92,"column":52}},{"start":{"line":92,"column":52},"end":{"line":92,"column":52}}]},"22":{"line":95,"type":"if","locations":[{"start":{"line":95,"column":52},"end":{"line":95,"column":52}},{"start":{"line":95,"column":52},"end":{"line":95,"column":52}}]},"23":{"line":99,"type":"if","locations":[{"start":{"line":99,"column":63},"end":{"line":99,"column":63}},{"start":{"line":99,"column":63},"end":{"line":99,"column":63}}]},"24":{"line":104,"type":"if","locations":[{"start":{"line":104,"column":45},"end":{"line":104,"column":45}},{"start":{"line":104,"column":45},"end":{"line":104,"column":45}}]},"25":{"line":109,"type":"if","locations":[{"start":{"line":109,"column":50},"end":{"line":109,"column":50}},{"start":{"line":109,"column":50},"end":{"line":109,"column":50}}]},"26":{"line":110,"type":"if","locations":[{"start":{"line":110,"column":4},"end":{"line":110,"column":4}},{"start":{"line":110,"column":4},"end":{"line":110,"column":4}}]}}}}
