TN:
SF:C:\Users\grank\my-smart-contracts\Remix-Practice\contracts\AdvancedDonationLog.sol
FN:21,constructor
FN:25,onlyOwner
FN:30,donate
FN:48,getMyDonation
FN:52,getAllDonation
FN:56,withdrawAll
FNF:6
FNH:0
FNDA:0,constructor
FNDA:0,onlyOwner
FNDA:0,donate
FNDA:0,getMyDonation
FNDA:0,getAllDonation
FNDA:0,withdrawAll
DA:22,0
DA:26,0
DA:27,0
DA:31,0
DA:32,0
DA:33,0
DA:35,0
DA:42,0
DA:43,0
DA:45,0
DA:49,0
DA:53,0
DA:57,0
LF:13
LH:0
BRDA:26,1,0,0
BRDA:26,1,1,0
BRDA:31,2,0,0
BRDA:31,2,1,0
BRDA:56,3,0,0
BRDA:56,3,1,0
BRF:6
BRH:0
end_of_record
TN:
SF:C:\Users\grank\my-smart-contracts\Remix-Practice\contracts\AMM.sol
FN:18,constructor
FN:22,_update
FN:26,addLiquidity
FN:44,swap
FN:59,removeLiquidity
FNF:5
FNH:1
FNDA:1,constructor
FNDA:0,_update
FNDA:0,addLiquidity
FNDA:0,swap
FNDA:0,removeLiquidity
DA:19,1
DA:20,1
DA:23,0
DA:24,0
DA:28,0
DA:29,0
DA:30,0
DA:31,0
DA:33,0
DA:34,0
DA:36,0
DA:39,0
DA:40,0
DA:41,0
DA:42,0
DA:45,0
DA:46,0
DA:47,0
DA:48,0
DA:51,0
DA:52,0
DA:53,0
DA:55,0
DA:56,0
DA:57,0
DA:60,0
DA:61,0
DA:63,0
DA:64,0
DA:65,0
DA:67,0
DA:68,0
DA:70,0
DA:71,0
LF:34
LH:2
BRDA:26,1,0,0
BRDA:26,1,1,0
BRDA:30,2,0,0
BRDA:30,2,1,0
BRDA:30,3,0,0
BRDA:30,3,1,0
BRDA:31,4,0,0
BRDA:31,4,1,0
BRDA:33,5,0,0
BRDA:33,5,1,0
BRDA:39,6,0,0
BRDA:39,6,1,0
BRDA:45,7,0,0
BRDA:45,7,1,0
BRDA:45,8,0,0
BRDA:45,8,1,0
BRDA:46,9,0,0
BRDA:46,9,1,0
BRDA:49,10,0,0
BRDA:49,10,1,0
BRDA:65,11,0,0
BRDA:65,11,1,0
BRF:22
BRH:0
end_of_record
TN:
SF:C:\Users\grank\my-smart-contracts\Remix-Practice\contracts\AToken.sol
FN:10,constructor
FN:14,_beforeTokenTransfer
FN:23,_transfer
FN:29,buyTokens
FNF:4
FNH:0
FNDA:0,constructor
FNDA:0,_beforeTokenTransfer
FNDA:0,_transfer
FNDA:0,buyTokens
DA:11,0
DA:12,0
DA:19,0
DA:20,0
DA:21,0
DA:24,0
DA:25,0
DA:26,0
DA:27,0
DA:34,0
DA:35,0
DA:36,0
DA:37,0
DA:40,0
LF:14
LH:0
BRDA:19,1,0,0
BRDA:19,1,1,0
BRDA:20,2,0,0
BRDA:20,2,1,0
BRDA:21,3,0,0
BRDA:21,3,1,0
BRDA:24,4,0,0
BRDA:24,4,1,0
BRDA:34,5,0,0
BRDA:34,5,1,0
BRDA:35,6,0,0
BRDA:35,6,1,0
BRF:12
BRH:0
end_of_record
TN:
SF:C:\Users\grank\my-smart-contracts\Remix-Practice\contracts\BToken.sol
FN:10,constructor
FN:14,_beforeTokenTransfer
FN:23,_transfer
FN:29,buyTokens
FNF:4
FNH:0
FNDA:0,constructor
FNDA:0,_beforeTokenTransfer
FNDA:0,_transfer
FNDA:0,buyTokens
DA:11,0
DA:12,0
DA:19,0
DA:20,0
DA:21,0
DA:24,0
DA:25,0
DA:26,0
DA:27,0
DA:34,0
DA:35,0
DA:36,0
DA:37,0
DA:40,0
LF:14
LH:0
BRDA:19,1,0,0
BRDA:19,1,1,0
BRDA:20,2,0,0
BRDA:20,2,1,0
BRDA:21,3,0,0
BRDA:21,3,1,0
BRDA:24,4,0,0
BRDA:24,4,1,0
BRDA:34,5,0,0
BRDA:34,5,1,0
BRDA:35,6,0,0
BRDA:35,6,1,0
BRF:12
BRH:0
end_of_record
TN:
SF:C:\Users\grank\my-smart-contracts\Remix-Practice\contracts\Counter.sol
FN:7,increment
FN:10,decrement
FN:14,reset
FNF:3
FNH:0
FNDA:0,increment
FNDA:0,decrement
FNDA:0,reset
DA:8,0
DA:11,0
DA:12,0
DA:15,0
LF:4
LH:0
BRDA:11,1,0,0
BRDA:11,1,1,0
BRF:2
BRH:0
end_of_record
TN:
SF:C:\Users\grank\my-smart-contracts\Remix-Practice\contracts\DonationEventLog.sol
FN:18,constructor
FN:22,onlyOwner
FN:27,donate
FN:42,getAllDonations
FN:46,withdrawAll
FNF:5
FNH:0
FNDA:0,constructor
FNDA:0,onlyOwner
FNDA:0,donate
FNDA:0,getAllDonations
FNDA:0,withdrawAll
DA:19,0
DA:23,0
DA:24,0
DA:28,0
DA:30,0
DA:37,0
DA:39,0
DA:43,0
DA:47,0
LF:9
LH:0
BRDA:23,1,0,0
BRDA:23,1,1,0
BRDA:28,2,0,0
BRDA:28,2,1,0
BRDA:46,3,0,0
BRDA:46,3,1,0
BRF:6
BRH:0
end_of_record
TN:
SF:C:\Users\grank\my-smart-contracts\Remix-Practice\contracts\ERC20Base.sol
FN:15,enoughBalance
FN:19,onlyOwner
FN:23,constructor
FN:29,name
FN:32,symbol
FN:35,decimals
FN:38,totalSupply
FN:41,balanceOf
FN:44,transfer
FN:51,transferFrom
FN:60,mint
FN:63,_mint
FN:69,_burn
FN:76,allowance
FN:79,approve
FN:83,_approve
FN:87,_beforeTokenTransfer
FNF:17
FNH:8
FNDA:2,enoughBalance
FNDA:0,onlyOwner
FNDA:3,constructor
FNDA:0,name
FNDA:0,symbol
FNDA:0,decimals
FNDA:0,totalSupply
FNDA:2,balanceOf
FNDA:2,transfer
FNDA:0,transferFrom
FNDA:0,mint
FNDA:3,_mint
FNDA:0,_burn
FNDA:0,allowance
FNDA:1,approve
FNDA:1,_approve
FNDA:5,_beforeTokenTransfer
DA:16,2
DA:17,2
DA:20,0
DA:21,0
DA:24,3
DA:25,3
DA:26,3
DA:27,3
DA:30,0
DA:33,0
DA:36,0
DA:39,0
DA:42,2
DA:45,2
DA:46,2
DA:47,2
DA:48,2
DA:49,2
DA:52,0
DA:53,0
DA:54,0
DA:55,0
DA:56,0
DA:57,0
DA:58,0
DA:61,0
DA:64,3
DA:65,3
DA:66,3
DA:67,3
DA:70,0
DA:71,0
DA:72,0
DA:73,0
DA:74,0
DA:77,0
DA:80,1
DA:81,1
DA:84,1
DA:85,1
LF:40
LH:20
BRDA:16,1,0,2
BRDA:16,1,1,0
BRDA:20,2,0,0
BRDA:20,2,1,0
BRDA:44,3,0,2
BRDA:44,3,1,0
BRDA:52,4,0,0
BRDA:52,4,1,0
BRDA:60,5,0,0
BRDA:60,5,1,0
BRDA:71,6,0,0
BRDA:71,6,1,0
BRF:12
BRH:2
end_of_record
TN:
SF:C:\Users\grank\my-smart-contracts\Remix-Practice\contracts\IERC20.sol
FNF:0
FNH:0
LF:0
LH:0
BRF:0
BRH:0
end_of_record
TN:
SF:C:\Users\grank\my-smart-contracts\Remix-Practice\contracts\ILibraryStorage.sol
FNF:0
FNH:0
LF:0
LH:0
BRF:0
BRH:0
end_of_record
TN:
SF:C:\Users\grank\my-smart-contracts\Remix-Practice\contracts\IProjectFund.sol
FNF:0
FNH:0
LF:0
LH:0
BRF:0
BRH:0
end_of_record
TN:
SF:C:\Users\grank\my-smart-contracts\Remix-Practice\contracts\LibraryStorage.sol
FN:17,addBook
FN:26,borrowBook
FN:46,returnBook
FN:66,getAvailableBook
FN:83,getReservedBooks
FN:100,reserveBook
FN:114,getMyReservations
FN:117,cancelReservation
FNF:8
FNH:0
FNDA:0,addBook
FNDA:0,borrowBook
FNDA:0,returnBook
FNDA:0,getAvailableBook
FNDA:0,getReservedBooks
FNDA:0,reserveBook
FNDA:0,getMyReservations
FNDA:0,cancelReservation
DA:18,0
DA:24,0
DA:27,0
DA:28,0
DA:29,0
DA:30,0
DA:31,0
DA:32,0
DA:34,0
DA:35,0
DA:36,0
DA:37,0
DA:38,0
DA:40,0
DA:41,0
DA:44,0
DA:47,0
DA:48,0
DA:49,0
DA:50,0
DA:52,0
DA:53,0
DA:54,0
DA:55,0
DA:56,0
DA:57,0
DA:58,0
DA:59,0
DA:61,0
DA:63,0
DA:67,0
DA:68,0
DA:69,0
DA:70,0
DA:73,0
DA:74,0
DA:75,0
DA:76,0
DA:77,0
DA:78,0
DA:81,0
DA:84,0
DA:85,0
DA:86,0
DA:87,0
DA:90,0
DA:91,0
DA:92,0
DA:93,0
DA:94,0
DA:95,0
DA:98,0
DA:101,0
DA:102,0
DA:103,0
DA:104,0
DA:105,0
DA:106,0
DA:107,0
DA:110,0
DA:111,0
DA:115,0
DA:118,0
DA:119,0
DA:120,0
DA:121,0
DA:123,0
DA:124,0
DA:125,0
DA:126,0
DA:127,0
DA:129,0
DA:130,0
DA:131,0
DA:134,0
LF:75
LH:0
BRDA:27,1,0,0
BRDA:27,1,1,0
BRDA:28,2,0,0
BRDA:28,2,1,0
BRDA:29,3,0,0
BRDA:29,3,1,0
BRDA:36,4,0,0
BRDA:36,4,1,0
BRDA:47,5,0,0
BRDA:47,5,1,0
BRDA:48,6,0,0
BRDA:48,6,1,0
BRDA:54,7,0,0
BRDA:54,7,1,0
BRDA:69,8,0,0
BRDA:69,8,1,0
BRDA:76,9,0,0
BRDA:76,9,1,0
BRDA:86,10,0,0
BRDA:86,10,1,0
BRDA:93,11,0,0
BRDA:93,11,1,0
BRDA:102,12,0,0
BRDA:102,12,1,0
BRDA:103,13,0,0
BRDA:103,13,1,0
BRDA:104,14,0,0
BRDA:104,14,1,0
BRDA:106,15,0,0
BRDA:106,15,1,0
BRDA:120,16,0,0
BRDA:120,16,1,0
BRDA:121,17,0,0
BRDA:121,17,1,0
BRDA:125,18,0,0
BRDA:125,18,1,0
BRDA:134,19,0,0
BRDA:134,19,1,0
BRF:38
BRH:0
end_of_record
TN:
SF:C:\Users\grank\my-smart-contracts\Remix-Practice\contracts\ProjectFund.sol
FN:15,constructor
FN:18,onlyOwner
FN:24,
FN:26,donateToProject
FN:39,getProjectDonations
FN:42,getProjectTotal
FNF:6
FNH:0
FNDA:0,constructor
FNDA:0,onlyOwner
FNDA:0,
FNDA:0,donateToProject
FNDA:0,getProjectDonations
FNDA:0,getProjectTotal
DA:16,0
DA:19,0
DA:20,0
DA:27,0
DA:28,0
DA:35,0
DA:36,0
DA:37,0
DA:40,0
DA:43,0
LF:10
LH:0
BRDA:19,1,0,0
BRDA:19,1,1,0
BRDA:27,2,0,0
BRDA:27,2,1,0
BRF:4
BRH:0
end_of_record
TN:
SF:C:\Users\grank\my-smart-contracts\Remix-Practice\contracts\ProxyLibrary.sol
FN:7,constructor
FN:10,borrowBook
FN:13,returnBook
FN:16,reserveBook
FN:19,cancelReservation
FNF:5
FNH:0
FNDA:0,constructor
FNDA:0,borrowBook
FNDA:0,returnBook
FNDA:0,reserveBook
FNDA:0,cancelReservation
DA:8,0
DA:11,0
DA:14,0
DA:17,0
DA:20,0
LF:5
LH:0
BRF:0
BRH:0
end_of_record
TN:
SF:C:\Users\grank\my-smart-contracts\Remix-Practice\contracts\TestProject.sol
FN:9,constructor
FN:13,proxyDonate
FNF:2
FNH:0
FNDA:0,constructor
FNDA:0,proxyDonate
DA:10,0
DA:14,0
DA:16,0
LF:3
LH:0
BRDA:14,1,0,0
BRDA:14,1,1,0
BRF:2
BRH:0
end_of_record
TN:
SF:C:\Users\grank\my-smart-contracts\Remix-Practice\contracts\TokenSwap.sol
FN:25,constructor
FN:35,onlyAdmin
FN:40,setRatio
FN:44,getRatio
FN:47,setFees
FN:51,getFees
FN:55,swapTKA
FN:74,swapTKB
FN:92,buyTokensA
FN:95,buyTokensB
FN:99,withdrawTokens
FN:104,withdrawETH
FN:109,changeAdmin
FNF:13
FNH:0
FNDA:0,constructor
FNDA:0,onlyAdmin
FNDA:0,setRatio
FNDA:0,getRatio
FNDA:0,setFees
FNDA:0,getFees
FNDA:0,swapTKA
FNDA:0,swapTKB
FNDA:0,buyTokensA
FNDA:0,buyTokensB
FNDA:0,withdrawTokens
FNDA:0,withdrawETH
FNDA:0,changeAdmin
DA:26,0
DA:28,0
DA:29,0
DA:30,0
DA:31,0
DA:32,0
DA:36,0
DA:37,0
DA:41,0
DA:42,0
DA:45,0
DA:48,0
DA:49,0
DA:52,0
DA:56,0
DA:57,0
DA:58,0
DA:59,0
DA:60,0
DA:61,0
DA:62,0
DA:64,0
DA:65,0
DA:67,0
DA:68,0
DA:70,0
DA:71,0
DA:75,0
DA:76,0
DA:77,0
DA:78,0
DA:79,0
DA:80,0
DA:81,0
DA:83,0
DA:84,0
DA:86,0
DA:87,0
DA:89,0
DA:90,0
DA:93,0
DA:96,0
DA:100,0
DA:101,0
DA:105,0
DA:106,0
DA:110,0
DA:111,0
DA:112,0
LF:49
LH:0
BRDA:30,1,0,0
BRDA:30,1,1,0
BRDA:36,2,0,0
BRDA:36,2,1,0
BRDA:40,3,0,0
BRDA:40,3,1,0
BRDA:44,4,0,0
BRDA:44,4,1,0
BRDA:47,5,0,0
BRDA:47,5,1,0
BRDA:51,6,0,0
BRDA:51,6,1,0
BRDA:55,7,0,0
BRDA:55,7,1,0
BRDA:56,8,0,0
BRDA:56,8,1,0
BRDA:57,9,0,0
BRDA:57,9,1,0
BRDA:58,10,0,0
BRDA:58,10,1,0
BRDA:59,11,0,0
BRDA:59,11,1,0
BRDA:64,12,0,0
BRDA:64,12,1,0
BRDA:65,13,0,0
BRDA:65,13,1,0
BRDA:74,14,0,0
BRDA:74,14,1,0
BRDA:75,15,0,0
BRDA:75,15,1,0
BRDA:76,16,0,0
BRDA:76,16,1,0
BRDA:77,17,0,0
BRDA:77,17,1,0
BRDA:78,18,0,0
BRDA:78,18,1,0
BRDA:83,19,0,0
BRDA:83,19,1,0
BRDA:84,20,0,0
BRDA:84,20,1,0
BRDA:92,21,0,0
BRDA:92,21,1,0
BRDA:95,22,0,0
BRDA:95,22,1,0
BRDA:99,23,0,0
BRDA:99,23,1,0
BRDA:104,24,0,0
BRDA:104,24,1,0
BRDA:109,25,0,0
BRDA:109,25,1,0
BRDA:110,26,0,0
BRDA:110,26,1,0
BRF:52
BRH:0
end_of_record
